Using pre-set license
Built from '2021.3/staging' branch; Version is '2021.3.1f1 (3b70a0754835) revision 3895456'; Using compiler version '192829333'; Build Type 'Release'
OS: 'Windows 10  (10.0.19044) 64bit Core' Language: 'en' Physical Memory: 8189 MB
BatchMode: 1, IsHumanControllingUs: 0, StartBugReporterOnCrash: 0, Is64bit: 1, IsPro: 1

COMMAND LINE ARGUMENTS:
C:\Program Files\Unity\Hub\Editor\2021.3.1f1\Editor\Unity.exe
-adb2
-batchMode
-noUpm
-name
AssetImportWorker6
-projectPath
C:/Users/Dustin/Desktop/GitHub repos/UnityAssets
-logFile
Logs/AssetImportWorker6.log
-srvPort
63632
Successfully changed project path to: C:/Users/Dustin/Desktop/GitHub repos/UnityAssets
C:/Users/Dustin/Desktop/GitHub repos/UnityAssets
[UnityMemory] Configuration Parameters - Can be set up in boot.config
    "memorysetup-bucket-allocator-granularity=16"
    "memorysetup-bucket-allocator-bucket-count=8"
    "memorysetup-bucket-allocator-block-size=33554432"
    "memorysetup-bucket-allocator-block-count=8"
    "memorysetup-main-allocator-block-size=16777216"
    "memorysetup-thread-allocator-block-size=16777216"
    "memorysetup-gfx-main-allocator-block-size=16777216"
    "memorysetup-gfx-thread-allocator-block-size=16777216"
    "memorysetup-cache-allocator-block-size=4194304"
    "memorysetup-typetree-allocator-block-size=2097152"
    "memorysetup-profiler-bucket-allocator-granularity=16"
    "memorysetup-profiler-bucket-allocator-bucket-count=8"
    "memorysetup-profiler-bucket-allocator-block-size=33554432"
    "memorysetup-profiler-bucket-allocator-block-count=8"
    "memorysetup-profiler-allocator-block-size=16777216"
    "memorysetup-profiler-editor-allocator-block-size=1048576"
    "memorysetup-temp-allocator-size-main=16777216"
    "memorysetup-job-temp-allocator-block-size=2097152"
    "memorysetup-job-temp-allocator-block-size-background=1048576"
    "memorysetup-job-temp-allocator-reduction-small-platforms=262144"
    "memorysetup-temp-allocator-size-background-worker=32768"
    "memorysetup-temp-allocator-size-job-worker=262144"
    "memorysetup-temp-allocator-size-preload-manager=33554432"
    "memorysetup-temp-allocator-size-nav-mesh-worker=65536"
    "memorysetup-temp-allocator-size-audio-worker=65536"
    "memorysetup-temp-allocator-size-cloud-worker=32768"
    "memorysetup-temp-allocator-size-gi-baking-worker=262144"
    "memorysetup-temp-allocator-size-gfx=262144"
Refreshing native plugins compatible for Editor in 276.80 ms, found 2 plugins.
Preloading 0 native plugins for Editor in 0.00 ms.
Initialize engine version: 2021.3.1f1 (3b70a0754835)
[Subsystems] Discovering subsystems at path C:/Program Files/Unity/Hub/Editor/2021.3.1f1/Editor/Data/Resources/UnitySubsystems
[Subsystems] Discovering subsystems at path C:/Users/Dustin/Desktop/GitHub repos/UnityAssets/Assets
GfxDevice: creating device client; threaded=0; jobified=0
Direct3D:
    Version:  Direct3D 11.0 [level 11.1]
    Renderer: Radeon(TM) RX 460 Graphics (ID=0x67ef)
    Vendor:   ATI
    VRAM:     2026 MB
    Driver:   30.0.15002.1004
Initialize mono
Mono path[0] = 'C:/Program Files/Unity/Hub/Editor/2021.3.1f1/Editor/Data/Managed'
Mono path[1] = 'C:/Program Files/Unity/Hub/Editor/2021.3.1f1/Editor/Data/MonoBleedingEdge/lib/mono/unityjit-win32'
Mono config path = 'C:/Program Files/Unity/Hub/Editor/2021.3.1f1/Editor/Data/MonoBleedingEdge/etc'
Using monoOptions --debugger-agent=transport=dt_socket,embedding=1,server=y,suspend=n,address=127.0.0.1:56072
Begin MonoManager ReloadAssembly
Registering precompiled unity dll's ...
Register platform support module: C:/Program Files/Unity/Hub/Editor/2021.3.1f1/Editor/Data/PlaybackEngines/WindowsStandaloneSupport/UnityEditor.WindowsStandalone.Extensions.dll
Register platform support module: C:/Program Files/Unity/Hub/Editor/2021.3.1f1/Editor/Data/PlaybackEngines/MetroSupport/UnityEditor.UWP.Extensions.dll
Registered in 0.023194 seconds.
Native extension for UWP target not found
Native extension for WindowsStandalone target not found
Refreshing native plugins compatible for Editor in 130.75 ms, found 2 plugins.
Preloading 0 native plugins for Editor in 0.00 ms.
Mono: successfully reloaded assembly
- Completed reload, in  1.553 seconds
Domain Reload Profiling:
	ReloadAssembly (1553ms)
		BeginReloadAssembly (243ms)
			ExecutionOrderSort (0ms)
			DisableScriptedObjects (0ms)
			BackupInstance (0ms)
			ReleaseScriptingObjects (0ms)
			CreateAndSetChildDomain (2ms)
		EndReloadAssembly (1000ms)
			LoadAssemblies (232ms)
			RebuildTransferFunctionScriptingTraits (0ms)
			SetupTypeCache (224ms)
			ReleaseScriptCaches (0ms)
			RebuildScriptCaches (72ms)
			SetupLoadedEditorAssemblies (577ms)
				LogAssemblyErrors (0ms)
				InitializePlatformSupportModulesInManaged (22ms)
				SetLoadedEditorAssemblies (0ms)
				RefreshPlugins (131ms)
				BeforeProcessingInitializeOnLoad (3ms)
				ProcessInitializeOnLoadAttributes (335ms)
				ProcessInitializeOnLoadMethodAttributes (86ms)
				AfterProcessingInitializeOnLoad (0ms)
				EditorAssembliesLoaded (0ms)
			ExecutionOrderSort2 (0ms)
			AwakeInstancesAfterBackupRestoration (0ms)
Platform modules already initialized, skipping
Registering precompiled user dll's ...
Registered in 0.017204 seconds.
Begin MonoManager ReloadAssembly
Native extension for UWP target not found
Native extension for WindowsStandalone target not found
Refreshing native plugins compatible for Editor in 153.93 ms, found 2 plugins.
Preloading 0 native plugins for Editor in 0.00 ms.
Mono: successfully reloaded assembly
- Completed reload, in 12.123 seconds
Domain Reload Profiling:
	ReloadAssembly (12125ms)
		BeginReloadAssembly (274ms)
			ExecutionOrderSort (0ms)
			DisableScriptedObjects (14ms)
			BackupInstance (0ms)
			ReleaseScriptingObjects (0ms)
			CreateAndSetChildDomain (45ms)
		EndReloadAssembly (11624ms)
			LoadAssemblies (6445ms)
			RebuildTransferFunctionScriptingTraits (0ms)
			SetupTypeCache (1212ms)
			ReleaseScriptCaches (1ms)
			RebuildScriptCaches (105ms)
			SetupLoadedEditorAssemblies (3820ms)
				LogAssemblyErrors (0ms)
				InitializePlatformSupportModulesInManaged (16ms)
				SetLoadedEditorAssemblies (0ms)
				RefreshPlugins (154ms)
				BeforeProcessingInitializeOnLoad (189ms)
				ProcessInitializeOnLoadAttributes (611ms)
				ProcessInitializeOnLoadMethodAttributes (2827ms)
				AfterProcessingInitializeOnLoad (22ms)
				EditorAssembliesLoaded (0ms)
			ExecutionOrderSort2 (0ms)
			AwakeInstancesAfterBackupRestoration (10ms)
Platform modules already initialized, skipping
========================================================================
Worker process is ready to serve import requests
Launched and connected shader compiler UnityShaderCompiler.exe after 0.43 seconds
Refreshing native plugins compatible for Editor in 1.46 ms, found 2 plugins.
Preloading 0 native plugins for Editor in 0.00 ms.
Unloading 3509 Unused Serialized files (Serialized files now loaded: 0)
Unloading 62 unused Assets / (1.2 MB). Loaded Objects now: 3953.
Memory consumption went from 166.0 MB to 164.8 MB.
Total: 7.052600 ms (FindLiveObjects: 0.709400 ms CreateObjectMapping: 0.218600 ms MarkObjects: 4.768000 ms  DeleteObjects: 1.353600 ms)

AssetImportParameters requested are different than current active one (requested -> active):
  custom:video-decoder-ogg-theora: a1e56fd34408186e4bbccfd4996cb3dc -> 
  custom:container-muxer-webm: aa71ff27fc2769a1b78a27578f13a17b -> 
  custom:container-demuxer-webm: 4f35f7cbe854078d1ac9338744f61a02 -> 
  custom:video-encoder-webm-vp8: eb34c28f22e8b96e1ab97ce403110664 -> 
  custom:video-codec-MediaFoundation-h265: 746d11721c4dcdbdad8f713fa42b33f4 -> 
  custom:audio-encoder-webm-vorbis: bf7c407c2cedff20999df2af8eb42d56 -> 
  custom:framework-win-MediaFoundation: 216162199b28c13a410421893ffa2e32 -> 
  custom:container-demuxer-ogg: 62fdf1f143b41e24485cea50d1cbac27 -> 
  custom:video-decoder-webm-vp8: 9c59270c3fd7afecdb556c50c9e8de78 -> 
  custom:audio-decoder-ogg-vorbis: bf7c407c2cedff20999df2af8eb42d56 -> 
========================================================================
Received Import Request.
  Time since last request: 610224.291697 seconds.
  path: Assets/Scripts/Components/MonoBehaviour2.cs
  artifactKey: Guid(8dc6d49705a16434f9f51abcb1d15b63) Importer(815301076,1909f56bfc062723c751e8b465ee728b)
Start importing Assets/Scripts/Components/MonoBehaviour2.cs using Guid(8dc6d49705a16434f9f51abcb1d15b63) Importer(815301076,1909f56bfc062723c751e8b465ee728b)  -> (artifact id: 'e89390ea184d5c0cdb3ade7b7cce8f78') in 0.410832 seconds 
========================================================================
Received Import Request.
  Time since last request: 4152.543363 seconds.
  path: Assets/Spline/Spline.unity
  artifactKey: Guid(12a724064c20e4f7495385e1e5a2f7cc) Importer(815301076,1909f56bfc062723c751e8b465ee728b)
Start importing Assets/Spline/Spline.unity using Guid(12a724064c20e4f7495385e1e5a2f7cc) Importer(815301076,1909f56bfc062723c751e8b465ee728b)  -> (artifact id: 'd4ef6b5cd9c487aaffbc51246609703d') in 0.016230 seconds 
========================================================================
Received Import Request.
  Time since last request: 640.277506 seconds.
  path: Assets/Scripts/Components/PathComponent.cs
  artifactKey: Guid(8552b6bba313d6f4c8ff6d015e2bb2ca) Importer(815301076,1909f56bfc062723c751e8b465ee728b)
Start importing Assets/Scripts/Components/PathComponent.cs using Guid(8552b6bba313d6f4c8ff6d015e2bb2ca) Importer(815301076,1909f56bfc062723c751e8b465ee728b)  -> (artifact id: '8e2df37995cf7800fd56ce6583870f7b') in 0.016743 seconds 
========================================================================
Received Import Request.
  Time since last request: 10.372602 seconds.
  path: Assets/Scripts/Components/Path.cs
  artifactKey: Guid(8552b6bba313d6f4c8ff6d015e2bb2ca) Importer(815301076,1909f56bfc062723c751e8b465ee728b)
Start importing Assets/Scripts/Components/Path.cs using Guid(8552b6bba313d6f4c8ff6d015e2bb2ca) Importer(815301076,1909f56bfc062723c751e8b465ee728b)  -> (artifact id: '104d01b8dea9a72d5fc06b0c03d0650b') in 0.071827 seconds 
========================================================================
Received Import Request.
  Time since last request: 35.631158 seconds.
  path: Assets/Scripts/Components/Path.cs
  artifactKey: Guid(8552b6bba313d6f4c8ff6d015e2bb2ca) Importer(815301076,1909f56bfc062723c751e8b465ee728b)
Start importing Assets/Scripts/Components/Path.cs using Guid(8552b6bba313d6f4c8ff6d015e2bb2ca) Importer(815301076,1909f56bfc062723c751e8b465ee728b)  -> (artifact id: 'c32058180cf36cb9bdb0a8a6ffc6b812') in 0.007478 seconds 
========================================================================
Received Import Request.
  Time since last request: 22.985158 seconds.
  path: Assets/Scripts/Components/Path.cs
  artifactKey: Guid(8552b6bba313d6f4c8ff6d015e2bb2ca) Importer(815301076,1909f56bfc062723c751e8b465ee728b)
Start importing Assets/Scripts/Components/Path.cs using Guid(8552b6bba313d6f4c8ff6d015e2bb2ca) Importer(815301076,1909f56bfc062723c751e8b465ee728b)  -> (artifact id: '69509034c368da283e3d0c66ffc539fe') in 0.020867 seconds 
========================================================================
Received Import Request.
  Time since last request: 83.382514 seconds.
  path: Assets/Scripts/Components/Path.cs
  artifactKey: Guid(8552b6bba313d6f4c8ff6d015e2bb2ca) Importer(815301076,1909f56bfc062723c751e8b465ee728b)
Start importing Assets/Scripts/Components/Path.cs using Guid(8552b6bba313d6f4c8ff6d015e2bb2ca) Importer(815301076,1909f56bfc062723c751e8b465ee728b)  -> (artifact id: '800734373d75d754103fc98fbe6d3ca9') in 0.021885 seconds 
========================================================================
Received Import Request.
  Time since last request: 1151.315794 seconds.
  path: Assets/Scripts/Components/Path.cs
  artifactKey: Guid(8552b6bba313d6f4c8ff6d015e2bb2ca) Importer(815301076,1909f56bfc062723c751e8b465ee728b)
Start importing Assets/Scripts/Components/Path.cs using Guid(8552b6bba313d6f4c8ff6d015e2bb2ca) Importer(815301076,1909f56bfc062723c751e8b465ee728b)  -> (artifact id: 'a868f96a0ae92fb178c1dfceae556afe') in 0.013788 seconds 
========================================================================
Received Prepare
Registering precompiled user dll's ...
Registered in 0.018818 seconds.
Begin MonoManager ReloadAssembly
Native extension for UWP target not found
Native extension for WindowsStandalone target not found
Refreshing native plugins compatible for Editor in 1.51 ms, found 2 plugins.
Preloading 0 native plugins for Editor in 0.00 ms.
Mono: successfully reloaded assembly
- Completed reload, in  2.645 seconds
Domain Reload Profiling:
	ReloadAssembly (2647ms)
		BeginReloadAssembly (489ms)
			ExecutionOrderSort (0ms)
			DisableScriptedObjects (44ms)
			BackupInstance (0ms)
			ReleaseScriptingObjects (0ms)
			CreateAndSetChildDomain (190ms)
		EndReloadAssembly (1695ms)
			LoadAssemblies (248ms)
			RebuildTransferFunctionScriptingTraits (0ms)
			SetupTypeCache (451ms)
			ReleaseScriptCaches (3ms)
			RebuildScriptCaches (152ms)
			SetupLoadedEditorAssemblies (805ms)
				LogAssemblyErrors (0ms)
				InitializePlatformSupportModulesInManaged (27ms)
				SetLoadedEditorAssemblies (1ms)
				RefreshPlugins (2ms)
				BeforeProcessingInitializeOnLoad (164ms)
				ProcessInitializeOnLoadAttributes (445ms)
				ProcessInitializeOnLoadMethodAttributes (144ms)
				AfterProcessingInitializeOnLoad (22ms)
				EditorAssembliesLoaded (0ms)
			ExecutionOrderSort2 (0ms)
			AwakeInstancesAfterBackupRestoration (11ms)
Platform modules already initialized, skipping
Refreshing native plugins compatible for Editor in 8.88 ms, found 2 plugins.
Preloading 0 native plugins for Editor in 0.00 ms.
Unloading 3411 Unused Serialized files (Serialized files now loaded: 0)
Unloading 51 unused Assets / (1.2 MB). Loaded Objects now: 3956.
Memory consumption went from 157.0 MB to 155.8 MB.
Total: 7.463300 ms (FindLiveObjects: 0.386800 ms CreateObjectMapping: 0.185600 ms MarkObjects: 5.846900 ms  DeleteObjects: 1.041400 ms)

AssetImportParameters requested are different than current active one (requested -> active):
  custom:video-decoder-ogg-theora: a1e56fd34408186e4bbccfd4996cb3dc -> 
  custom:container-muxer-webm: aa71ff27fc2769a1b78a27578f13a17b -> 
  custom:container-demuxer-webm: 4f35f7cbe854078d1ac9338744f61a02 -> 
  custom:video-encoder-webm-vp8: eb34c28f22e8b96e1ab97ce403110664 -> 
  custom:video-codec-MediaFoundation-h265: 746d11721c4dcdbdad8f713fa42b33f4 -> 
  custom:audio-encoder-webm-vorbis: bf7c407c2cedff20999df2af8eb42d56 -> 
  custom:framework-win-MediaFoundation: 216162199b28c13a410421893ffa2e32 -> 
  custom:container-demuxer-ogg: 62fdf1f143b41e24485cea50d1cbac27 -> 
  custom:video-decoder-webm-vp8: 9c59270c3fd7afecdb556c50c9e8de78 -> 
  custom:audio-decoder-ogg-vorbis: bf7c407c2cedff20999df2af8eb42d56 -> 
========================================================================
Received Import Request.
  Time since last request: 214.050445 seconds.
  path: Assets/2D/Spline/Spline2D.unity
  artifactKey: Guid(5d91f16760e7b4f4897b4f6c9cb549b0) Importer(815301076,1909f56bfc062723c751e8b465ee728b)
Start importing Assets/2D/Spline/Spline2D.unity using Guid(5d91f16760e7b4f4897b4f6c9cb549b0) Importer(815301076,1909f56bfc062723c751e8b465ee728b)  -> (artifact id: '3d9d098112b55404690b17d6edac3f5a') in 0.025338 seconds 
========================================================================
Received Import Request.
  Time since last request: 0.000028 seconds.
  path: Assets/2D/Polygon/Polygon2D.unity
  artifactKey: Guid(0cafcef505d456d4e9c6d067f90c152c) Importer(815301076,1909f56bfc062723c751e8b465ee728b)
Start importing Assets/2D/Polygon/Polygon2D.unity using Guid(0cafcef505d456d4e9c6d067f90c152c) Importer(815301076,1909f56bfc062723c751e8b465ee728b)  -> (artifact id: '5007b828ca6339b1c7e28182e10d29b6') in 0.018093 seconds 
========================================================================
Received Import Request.
  Time since last request: 14.273400 seconds.
  path: Assets/2D/ParallaxEffect/Parallax2D_box.unity
  artifactKey: Guid(fff13ccc0e51549ffb87f06432b126e2) Importer(815301076,1909f56bfc062723c751e8b465ee728b)
Start importing Assets/2D/ParallaxEffect/Parallax2D_box.unity using Guid(fff13ccc0e51549ffb87f06432b126e2) Importer(815301076,1909f56bfc062723c751e8b465ee728b)  -> (artifact id: '9e99333d51d5e9f3dc7fec835330fc80') in 0.013531 seconds 
========================================================================
Received Import Request.
  Time since last request: 42.598990 seconds.
  path: Assets/MeshColliderPerMaterial/MeshColliderPerMaterial.unity
  artifactKey: Guid(839acc62e9c074d9cb16dfcd946321d6) Importer(815301076,1909f56bfc062723c751e8b465ee728b)
Start importing Assets/MeshColliderPerMaterial/MeshColliderPerMaterial.unity using Guid(839acc62e9c074d9cb16dfcd946321d6) Importer(815301076,1909f56bfc062723c751e8b465ee728b)  -> (artifact id: '9036df29febea0b87e107262f253df57') in 0.016051 seconds 
